{"timestamp":"2020-07-12 22:18:40.0720","service":"udp_server","level":"info","message":"Server is listening at port 5000"}
{"timestamp":"2020-07-12 22:18:40.0760","service":"udp_server","level":"info","message":"Server ip :0.0.0.0"}
{"timestamp":"2020-07-12 22:18:40.0760","service":"udp_server","level":"info","message":"Server is IP4/IP6 : IPv4"}
{"timestamp":"2020-07-12 22:18:40.0760","service":"http_server","level":"info","message":"listening on port: 5050"}
{"timestamp":"2020-07-12 22:18:44.3130","service":"udp_server","level":"info","message":"received [146,60,127] from 192.168.86.249:5000"}
{"timestamp":"2020-07-12 22:18:44.3140","service":"udp_server","level":"info","message":"data sent to"}
{"timestamp":"2020-07-12 22:18:44.4910","service":"udp_server","level":"info","message":"received [130,0,0] from 192.168.86.249:5000"}
{"timestamp":"2020-07-12 22:18:44.4920","service":"udp_server","level":"info","message":"data sent to"}
{"timestamp":"2020-07-12 22:18:44.8540","service":"udp_server","level":"info","message":"received [146,62,127] from 192.168.86.249:5000"}
{"timestamp":"2020-07-12 22:18:44.8540","service":"udp_server","level":"info","message":"data sent to"}
{"timestamp":"2020-07-12 22:18:44.8750","service":"udp_server","level":"info","message":"received [130,0,0] from 192.168.86.249:5000"}
{"timestamp":"2020-07-12 22:18:44.8760","service":"udp_server","level":"info","message":"data sent to"}
{"timestamp":"2020-07-12 22:18:45.1870","service":"udp_server","level":"info","message":"received [146,60,127] from 192.168.86.249:5000"}
{"timestamp":"2020-07-12 22:18:45.1870","service":"udp_server","level":"info","message":"data sent to"}
{"timestamp":"2020-07-12 22:18:45.3660","service":"udp_server","level":"info","message":"received [130,0,0] from 192.168.86.249:5000"}
{"timestamp":"2020-07-12 22:18:45.3670","service":"udp_server","level":"info","message":"data sent to"}
{"timestamp":"2020-07-12 22:18:45.6840","service":"udp_server","level":"info","message":"received [146,62,127] from 192.168.86.249:5000"}
{"timestamp":"2020-07-12 22:18:45.6840","service":"udp_server","level":"info","message":"received [130,0,0] from 192.168.86.249:5000"}
{"timestamp":"2020-07-12 22:18:45.6850","service":"udp_server","level":"info","message":"data sent to"}
{"timestamp":"2020-07-12 22:18:45.6850","service":"udp_server","level":"info","message":"data sent to"}
{"timestamp":"2020-07-12 22:18:45.9910","service":"udp_server","level":"info","message":"received [146,64,127] from 192.168.86.249:5000"}
{"timestamp":"2020-07-12 22:18:45.9920","service":"udp_server","level":"info","message":"received [130,0,0] from 192.168.86.249:5000"}
{"timestamp":"2020-07-12 22:18:45.9920","service":"udp_server","level":"info","message":"data sent to"}
{"timestamp":"2020-07-12 22:18:45.9920","service":"udp_server","level":"info","message":"data sent to"}
{"timestamp":"2020-07-12 22:18:46.1090","service":"udp_server","level":"info","message":"received [146,62,127] from 192.168.86.249:5000"}
{"timestamp":"2020-07-12 22:18:46.1090","service":"udp_server","level":"info","message":"data sent to"}
{"timestamp":"2020-07-12 22:18:46.2320","service":"udp_server","level":"info","message":"received [130,0,0] from 192.168.86.249:5000"}
{"timestamp":"2020-07-12 22:18:46.2320","service":"udp_server","level":"info","message":"data sent to"}
{"timestamp":"2020-07-12 22:18:46.3460","service":"udp_server","level":"info","message":"received [146,60,127] from 192.168.86.249:5000"}
{"timestamp":"2020-07-12 22:18:46.3460","service":"udp_server","level":"info","message":"data sent to"}
{"timestamp":"2020-07-12 22:18:46.4710","service":"udp_server","level":"info","message":"received [130,0,0] from 192.168.86.249:5000"}
{"timestamp":"2020-07-12 22:18:46.4710","service":"udp_server","level":"info","message":"data sent to"}
{"timestamp":"2020-07-12 22:18:46.4780","service":"udp_server","level":"info","message":"received [146,62,127] from 192.168.86.249:5000"}
{"timestamp":"2020-07-12 22:18:46.4790","service":"udp_server","level":"info","message":"data sent to"}
{"timestamp":"2020-07-12 22:18:46.6290","service":"udp_server","level":"info","message":"received [130,0,0] from 192.168.86.249:5000"}
{"timestamp":"2020-07-12 22:18:46.6290","service":"udp_server","level":"info","message":"data sent to"}
{"timestamp":"2020-07-12 22:18:46.6650","service":"udp_server","level":"info","message":"received [146,64,127] from 192.168.86.249:5000"}
{"timestamp":"2020-07-12 22:18:46.6650","service":"udp_server","level":"info","message":"data sent to"}
{"timestamp":"2020-07-12 22:18:46.7610","service":"udp_server","level":"info","message":"received [130,0,0] from 192.168.86.249:5000"}
{"timestamp":"2020-07-12 22:18:46.7610","service":"udp_server","level":"info","message":"data sent to"}
{"timestamp":"2020-07-12 22:18:46.8890","service":"udp_server","level":"info","message":"received [146,60,127] from 192.168.86.249:5000"}
{"timestamp":"2020-07-12 22:18:46.8890","service":"udp_server","level":"info","message":"data sent to"}
{"timestamp":"2020-07-12 22:18:47.0180","service":"udp_server","level":"info","message":"received [130,0,0] from 192.168.86.249:5000"}
{"timestamp":"2020-07-12 22:18:47.0190","service":"udp_server","level":"info","message":"data sent to"}
{"timestamp":"2020-07-12 22:18:47.0330","service":"udp_server","level":"info","message":"received [146,62,127] from 192.168.86.249:5000"}
{"timestamp":"2020-07-12 22:18:47.0340","service":"udp_server","level":"info","message":"data sent to"}
{"timestamp":"2020-07-12 22:18:47.1190","service":"udp_server","level":"info","message":"received [130,0,0] from 192.168.86.249:5000"}
{"timestamp":"2020-07-12 22:18:47.1190","service":"udp_server","level":"info","message":"data sent to"}
{"timestamp":"2020-07-12 22:18:50.0340","service":"looper","level":"info","message":"start recording"}
{"message":"::1 - - [13/Jul/2020:02:18:50 +0000] \"GET /looper/record HTTP/1.1\" 200 - \"-\" \"curl/7.54.0\"\n","level":"info"}
{"timestamp":"2020-07-12 22:18:50.9270","service":"udp_server","level":"info","message":"received [146,60,127] from 192.168.86.249:5000"}
{"timestamp":"2020-07-12 22:18:50.9270","service":"looper","level":"info","message":"saving data: [146, 60, 127]"}
{"timestamp":"2020-07-12 22:18:50.9280","service":"udp_server","level":"info","message":"data sent to"}
{"timestamp":"2020-07-12 22:18:51.0190","service":"udp_server","level":"info","message":"received [130,0,0] from 192.168.86.249:5000"}
{"timestamp":"2020-07-12 22:18:51.0200","service":"looper","level":"info","message":"saving data: [130, 0, 0]"}
{"timestamp":"2020-07-12 22:18:51.0200","service":"udp_server","level":"info","message":"data sent to"}
{"timestamp":"2020-07-12 22:18:51.2460","service":"udp_server","level":"info","message":"received [146,60,127] from 192.168.86.249:5000"}
{"timestamp":"2020-07-12 22:18:51.2460","service":"looper","level":"info","message":"saving data: [146, 60, 127]"}
{"timestamp":"2020-07-12 22:18:51.2460","service":"udp_server","level":"info","message":"data sent to"}
{"timestamp":"2020-07-12 22:18:51.3160","service":"udp_server","level":"info","message":"received [130,0,0] from 192.168.86.249:5000"}
{"timestamp":"2020-07-12 22:18:51.3160","service":"looper","level":"info","message":"saving data: [130, 0, 0]"}
{"timestamp":"2020-07-12 22:18:51.3170","service":"udp_server","level":"info","message":"data sent to"}
{"timestamp":"2020-07-12 22:18:51.5100","service":"udp_server","level":"info","message":"received [146,60,127] from 192.168.86.249:5000"}
{"timestamp":"2020-07-12 22:18:51.5110","service":"looper","level":"info","message":"saving data: [146, 60, 127]"}
{"timestamp":"2020-07-12 22:18:51.5110","service":"udp_server","level":"info","message":"data sent to"}
{"timestamp":"2020-07-12 22:18:51.6250","service":"udp_server","level":"info","message":"received [130,0,0] from 192.168.86.249:5000"}
{"timestamp":"2020-07-12 22:18:51.6250","service":"looper","level":"info","message":"saving data: [130, 0, 0]"}
{"timestamp":"2020-07-12 22:18:51.6270","service":"udp_server","level":"info","message":"data sent to"}
{"timestamp":"2020-07-12 22:18:51.7980","service":"udp_server","level":"info","message":"received [146,62,127] from 192.168.86.249:5000"}
{"timestamp":"2020-07-12 22:18:51.7990","service":"looper","level":"info","message":"saving data: [146, 62, 127]"}
{"timestamp":"2020-07-12 22:18:51.7990","service":"udp_server","level":"info","message":"data sent to"}
{"timestamp":"2020-07-12 22:18:51.9260","service":"udp_server","level":"info","message":"received [130,0,0] from 192.168.86.249:5000"}
{"timestamp":"2020-07-12 22:18:51.9270","service":"looper","level":"info","message":"saving data: [130, 0, 0]"}
{"timestamp":"2020-07-12 22:18:51.9270","service":"udp_server","level":"info","message":"data sent to"}
{"timestamp":"2020-07-12 22:18:52.0600","service":"udp_server","level":"info","message":"received [146,60,127] from 192.168.86.249:5000"}
{"timestamp":"2020-07-12 22:18:52.0610","service":"looper","level":"info","message":"saving data: [146, 60, 127]"}
{"timestamp":"2020-07-12 22:18:52.0610","service":"udp_server","level":"info","message":"data sent to"}
{"timestamp":"2020-07-12 22:18:52.2190","service":"udp_server","level":"info","message":"received [130,0,0] from 192.168.86.249:5000"}
{"timestamp":"2020-07-12 22:18:52.2190","service":"looper","level":"info","message":"saving data: [130, 0, 0]"}
{"timestamp":"2020-07-12 22:18:52.2200","service":"udp_server","level":"info","message":"data sent to"}
{"timestamp":"2020-07-12 22:18:52.3000","service":"udp_server","level":"info","message":"received [146,62,127] from 192.168.86.249:5000"}
{"timestamp":"2020-07-12 22:18:52.3000","service":"looper","level":"info","message":"saving data: [146, 62, 127]"}
{"timestamp":"2020-07-12 22:18:52.3000","service":"udp_server","level":"info","message":"data sent to"}
{"timestamp":"2020-07-12 22:18:52.3830","service":"udp_server","level":"info","message":"received [130,0,0] from 192.168.86.249:5000"}
{"timestamp":"2020-07-12 22:18:52.3840","service":"looper","level":"info","message":"saving data: [130, 0, 0]"}
{"timestamp":"2020-07-12 22:18:52.3840","service":"udp_server","level":"info","message":"data sent to"}
{"timestamp":"2020-07-12 22:18:52.5560","service":"udp_server","level":"info","message":"received [146,64,127] from 192.168.86.249:5000"}
{"timestamp":"2020-07-12 22:18:52.5560","service":"looper","level":"info","message":"saving data: [146, 64, 127]"}
{"timestamp":"2020-07-12 22:18:52.5570","service":"udp_server","level":"info","message":"data sent to"}
{"timestamp":"2020-07-12 22:18:52.6450","service":"udp_server","level":"info","message":"received [130,0,0] from 192.168.86.249:5000"}
{"timestamp":"2020-07-12 22:18:52.6450","service":"looper","level":"info","message":"saving data: [130, 0, 0]"}
{"timestamp":"2020-07-12 22:18:52.6460","service":"udp_server","level":"info","message":"data sent to"}
{"timestamp":"2020-07-12 22:18:52.8420","service":"udp_server","level":"info","message":"received [146,62,127] from 192.168.86.249:5000"}
{"timestamp":"2020-07-12 22:18:52.8420","service":"looper","level":"info","message":"saving data: [146, 62, 127]"}
{"timestamp":"2020-07-12 22:18:52.8430","service":"udp_server","level":"info","message":"data sent to"}
{"timestamp":"2020-07-12 22:18:52.9560","service":"udp_server","level":"info","message":"received [130,0,0] from 192.168.86.249:5000"}
{"timestamp":"2020-07-12 22:18:52.9560","service":"looper","level":"info","message":"saving data: [130, 0, 0]"}
{"timestamp":"2020-07-12 22:18:52.9560","service":"udp_server","level":"info","message":"data sent to"}
{"timestamp":"2020-07-12 22:18:53.0760","service":"udp_server","level":"info","message":"received [146,60,127] from 192.168.86.249:5000"}
{"timestamp":"2020-07-12 22:18:53.0760","service":"looper","level":"info","message":"saving data: [146, 60, 127]"}
{"timestamp":"2020-07-12 22:18:53.0760","service":"udp_server","level":"info","message":"data sent to"}
{"timestamp":"2020-07-12 22:18:53.1570","service":"udp_server","level":"info","message":"received [130,0,0] from 192.168.86.249:5000"}
{"timestamp":"2020-07-12 22:18:53.1580","service":"looper","level":"info","message":"saving data: [130, 0, 0]"}
{"timestamp":"2020-07-12 22:18:53.1580","service":"udp_server","level":"info","message":"data sent to"}
{"timestamp":"2020-07-12 22:18:53.2250","service":"udp_server","level":"info","message":"received [146,62,127] from 192.168.86.249:5000"}
{"timestamp":"2020-07-12 22:18:53.2250","service":"looper","level":"info","message":"saving data: [146, 62, 127]"}
{"timestamp":"2020-07-12 22:18:53.2250","service":"udp_server","level":"info","message":"data sent to"}
{"timestamp":"2020-07-12 22:18:53.3550","service":"udp_server","level":"info","message":"received [130,0,0] from 192.168.86.249:5000"}
{"timestamp":"2020-07-12 22:18:53.3560","service":"looper","level":"info","message":"saving data: [130, 0, 0]"}
{"timestamp":"2020-07-12 22:18:53.3560","service":"udp_server","level":"info","message":"data sent to"}
{"timestamp":"2020-07-12 22:18:53.5570","service":"udp_server","level":"info","message":"received [146,64,127] from 192.168.86.249:5000"}
{"timestamp":"2020-07-12 22:18:53.5570","service":"looper","level":"info","message":"saving data: [146, 64, 127]"}
{"timestamp":"2020-07-12 22:18:53.5570","service":"udp_server","level":"info","message":"data sent to"}
{"timestamp":"2020-07-12 22:18:53.6440","service":"udp_server","level":"info","message":"received [130,0,0] from 192.168.86.249:5000"}
{"timestamp":"2020-07-12 22:18:53.6440","service":"looper","level":"info","message":"saving data: [130, 0, 0]"}
{"timestamp":"2020-07-12 22:18:53.6450","service":"udp_server","level":"info","message":"data sent to"}
{"timestamp":"2020-07-12 22:18:53.7840","service":"udp_server","level":"info","message":"received [146,60,127] from 192.168.86.249:5000"}
{"timestamp":"2020-07-12 22:18:53.7850","service":"looper","level":"info","message":"saving data: [146, 60, 127]"}
{"timestamp":"2020-07-12 22:18:53.7850","service":"udp_server","level":"info","message":"data sent to"}
{"timestamp":"2020-07-12 22:18:53.8710","service":"udp_server","level":"info","message":"received [130,0,0] from 192.168.86.249:5000"}
{"timestamp":"2020-07-12 22:18:53.8710","service":"looper","level":"info","message":"saving data: [130, 0, 0]"}
{"timestamp":"2020-07-12 22:18:53.8710","service":"udp_server","level":"info","message":"data sent to"}
{"timestamp":"2020-07-12 22:18:56.1240","service":"looper","level":"info","message":"stop recording"}
{"message":"::1 - - [13/Jul/2020:02:18:56 +0000] \"GET /looper/record HTTP/1.1\" 200 - \"-\" \"curl/7.54.0\"\n","level":"info"}
{"timestamp":"2020-07-12 22:19:04.3540","service":"looper","level":"info","message":"playing loop"}
{"message":"::1 - - [13/Jul/2020:02:19:04 +0000] \"GET /looper/play HTTP/1.1\" 200 - \"-\" \"curl/7.54.0\"\n","level":"info"}
{"timestamp":"2020-07-12 22:19:18.6780","service":"udp_server","level":"info","message":"data sent to"}
{"timestamp":"2020-07-12 22:19:18.6790","service":"udp_server","level":"info","message":"data sent to"}
{"timestamp":"2020-07-12 22:19:18.6790","service":"udp_server","level":"info","message":"data sent to"}
{"timestamp":"2020-07-12 22:19:18.6790","service":"udp_server","level":"info","message":"data sent to"}
{"timestamp":"2020-07-12 22:19:18.6790","service":"udp_server","level":"info","message":"data sent to"}
{"timestamp":"2020-07-12 22:19:18.6800","service":"udp_server","level":"info","message":"data sent to"}
{"timestamp":"2020-07-12 22:19:18.6800","service":"udp_server","level":"info","message":"data sent to"}
{"timestamp":"2020-07-12 22:19:18.6800","service":"udp_server","level":"info","message":"data sent to"}
{"timestamp":"2020-07-12 22:19:18.6800","service":"udp_server","level":"info","message":"data sent to"}
{"timestamp":"2020-07-12 22:19:18.6800","service":"udp_server","level":"info","message":"data sent to"}
{"timestamp":"2020-07-12 22:19:18.6800","service":"udp_server","level":"info","message":"data sent to"}
{"timestamp":"2020-07-12 22:19:18.6800","service":"udp_server","level":"info","message":"data sent to"}
{"timestamp":"2020-07-12 22:19:18.6800","service":"udp_server","level":"info","message":"data sent to"}
{"timestamp":"2020-07-12 22:19:18.6800","service":"udp_server","level":"info","message":"data sent to"}
{"timestamp":"2020-07-12 22:19:18.6810","service":"udp_server","level":"info","message":"data sent to"}
{"timestamp":"2020-07-12 22:19:18.6810","service":"udp_server","level":"info","message":"data sent to"}
{"timestamp":"2020-07-12 22:19:18.6810","service":"udp_server","level":"info","message":"data sent to"}
{"timestamp":"2020-07-12 22:19:18.6810","service":"udp_server","level":"info","message":"data sent to"}
{"timestamp":"2020-07-12 22:19:18.6810","service":"udp_server","level":"info","message":"data sent to"}
{"timestamp":"2020-07-12 22:19:18.6820","service":"udp_server","level":"info","message":"data sent to"}
{"timestamp":"2020-07-12 22:19:18.6820","service":"udp_server","level":"info","message":"data sent to"}
{"timestamp":"2020-07-12 22:19:18.6820","service":"udp_server","level":"info","message":"data sent to"}
{"timestamp":"2020-07-12 22:19:18.6820","service":"udp_server","level":"info","message":"data sent to"}
{"timestamp":"2020-07-12 22:19:18.6820","service":"udp_server","level":"info","message":"data sent to"}
{"timestamp":"2020-07-12 22:19:18.6820","service":"udp_server","level":"info","message":"data sent to"}
{"timestamp":"2020-07-12 22:19:18.6830","service":"udp_server","level":"info","message":"data sent to"}
{"timestamp":"2020-07-12 22:19:18.6830","service":"udp_server","level":"info","message":"data sent to"}
{"timestamp":"2020-07-12 22:19:18.6830","service":"udp_server","level":"info","message":"data sent to"}
{"timestamp":"2020-07-12 22:19:18.6830","service":"udp_server","level":"info","message":"data sent to"}
{"timestamp":"2020-07-12 22:19:18.6830","service":"udp_server","level":"info","message":"data sent to"}
{"timestamp":"2020-07-12 22:19:18.6830","service":"udp_server","level":"info","message":"data sent to"}
{"timestamp":"2020-07-12 22:19:18.6840","service":"udp_server","level":"info","message":"data sent to"}
{"timestamp":"2020-07-12 22:19:18.6840","service":"udp_server","level":"info","message":"data sent to"}
{"timestamp":"2020-07-12 22:19:18.6840","service":"udp_server","level":"info","message":"data sent to"}
{"timestamp":"2020-07-12 22:19:18.6840","service":"udp_server","level":"info","message":"data sent to"}
{"timestamp":"2020-07-12 22:19:18.6840","service":"udp_server","level":"info","message":"data sent to"}
{"timestamp":"2020-07-12 22:19:18.6850","service":"udp_server","level":"info","message":"data sent to"}
{"timestamp":"2020-07-12 22:19:18.6850","service":"udp_server","level":"info","message":"data sent to"}
{"timestamp":"2020-07-12 22:19:18.6850","service":"udp_server","level":"info","message":"data sent to"}
{"timestamp":"2020-07-12 22:19:18.6850","service":"udp_server","level":"info","message":"data sent to"}
{"timestamp":"2020-07-12 22:19:18.6850","service":"udp_server","level":"info","message":"data sent to"}
{"timestamp":"2020-07-12 22:19:18.6850","service":"udp_server","level":"info","message":"data sent to"}
{"timestamp":"2020-07-12 22:19:18.6860","service":"udp_server","level":"info","message":"data sent to"}
{"timestamp":"2020-07-12 22:19:18.6860","service":"udp_server","level":"info","message":"data sent to"}
{"timestamp":"2020-07-12 22:19:18.6860","service":"udp_server","level":"info","message":"data sent to"}
{"timestamp":"2020-07-12 22:19:18.6860","service":"udp_server","level":"info","message":"data sent to"}
{"timestamp":"2020-07-12 22:19:18.6860","service":"udp_server","level":"info","message":"data sent to"}
{"timestamp":"2020-07-12 22:19:18.6870","service":"udp_server","level":"info","message":"data sent to"}
{"timestamp":"2020-07-12 22:19:32.9980","service":"udp_server","level":"info","message":"data sent to"}
{"timestamp":"2020-07-12 22:19:32.9980","service":"udp_server","level":"info","message":"data sent to"}
{"timestamp":"2020-07-12 22:19:32.9980","service":"udp_server","level":"info","message":"data sent to"}
{"timestamp":"2020-07-12 22:19:32.9980","service":"udp_server","level":"info","message":"data sent to"}
{"timestamp":"2020-07-12 22:19:32.9980","service":"udp_server","level":"info","message":"data sent to"}
{"timestamp":"2020-07-12 22:19:32.9990","service":"udp_server","level":"info","message":"data sent to"}
{"timestamp":"2020-07-12 22:19:32.9990","service":"udp_server","level":"info","message":"data sent to"}
{"timestamp":"2020-07-12 22:19:32.9990","service":"udp_server","level":"info","message":"data sent to"}
{"timestamp":"2020-07-12 22:19:32.9990","service":"udp_server","level":"info","message":"data sent to"}
{"timestamp":"2020-07-12 22:19:32.9990","service":"udp_server","level":"info","message":"data sent to"}
{"timestamp":"2020-07-12 22:19:32.9990","service":"udp_server","level":"info","message":"data sent to"}
{"timestamp":"2020-07-12 22:19:32.9990","service":"udp_server","level":"info","message":"data sent to"}
{"timestamp":"2020-07-12 22:19:33.0000","service":"udp_server","level":"info","message":"data sent to"}
{"timestamp":"2020-07-12 22:19:33.0000","service":"udp_server","level":"info","message":"data sent to"}
{"timestamp":"2020-07-12 22:19:33.0000","service":"udp_server","level":"info","message":"data sent to"}
{"timestamp":"2020-07-12 22:19:33.0000","service":"udp_server","level":"info","message":"data sent to"}
{"timestamp":"2020-07-12 22:19:33.0000","service":"udp_server","level":"info","message":"data sent to"}
{"timestamp":"2020-07-12 22:19:33.0000","service":"udp_server","level":"info","message":"data sent to"}
{"timestamp":"2020-07-12 22:19:33.0000","service":"udp_server","level":"info","message":"data sent to"}
{"timestamp":"2020-07-12 22:19:33.0010","service":"udp_server","level":"info","message":"data sent to"}
{"timestamp":"2020-07-12 22:19:33.0010","service":"udp_server","level":"info","message":"data sent to"}
{"timestamp":"2020-07-12 22:19:33.0010","service":"udp_server","level":"info","message":"data sent to"}
{"timestamp":"2020-07-12 22:19:33.0010","service":"udp_server","level":"info","message":"data sent to"}
{"timestamp":"2020-07-12 22:19:33.0010","service":"udp_server","level":"info","message":"data sent to"}
{"timestamp":"2020-07-12 22:19:33.0010","service":"udp_server","level":"info","message":"data sent to"}
{"timestamp":"2020-07-12 22:19:33.0010","service":"udp_server","level":"info","message":"data sent to"}
{"timestamp":"2020-07-12 22:19:33.0020","service":"udp_server","level":"info","message":"data sent to"}
{"timestamp":"2020-07-12 22:19:33.0020","service":"udp_server","level":"info","message":"data sent to"}
{"timestamp":"2020-07-12 22:19:33.0020","service":"udp_server","level":"info","message":"data sent to"}
{"timestamp":"2020-07-12 22:19:33.0020","service":"udp_server","level":"info","message":"data sent to"}
{"timestamp":"2020-07-12 22:19:33.0020","service":"udp_server","level":"info","message":"data sent to"}
{"timestamp":"2020-07-12 22:19:33.0030","service":"udp_server","level":"info","message":"data sent to"}
{"timestamp":"2020-07-12 22:19:33.0030","service":"udp_server","level":"info","message":"data sent to"}
{"timestamp":"2020-07-12 22:19:33.0040","service":"udp_server","level":"info","message":"data sent to"}
{"timestamp":"2020-07-12 22:19:33.0040","service":"udp_server","level":"info","message":"data sent to"}
{"timestamp":"2020-07-12 22:19:33.0040","service":"udp_server","level":"info","message":"data sent to"}
{"timestamp":"2020-07-12 22:19:33.0040","service":"udp_server","level":"info","message":"data sent to"}
{"timestamp":"2020-07-12 22:19:33.0040","service":"udp_server","level":"info","message":"data sent to"}
{"timestamp":"2020-07-12 22:19:33.0050","service":"udp_server","level":"info","message":"data sent to"}
{"timestamp":"2020-07-12 22:19:33.0050","service":"udp_server","level":"info","message":"data sent to"}
{"timestamp":"2020-07-12 22:19:33.0050","service":"udp_server","level":"info","message":"data sent to"}
{"timestamp":"2020-07-12 22:19:33.0060","service":"udp_server","level":"info","message":"data sent to"}
{"timestamp":"2020-07-12 22:19:33.0060","service":"udp_server","level":"info","message":"data sent to"}
{"timestamp":"2020-07-12 22:19:33.0060","service":"udp_server","level":"info","message":"data sent to"}
{"timestamp":"2020-07-12 22:19:33.0060","service":"udp_server","level":"info","message":"data sent to"}
{"timestamp":"2020-07-12 22:19:33.0070","service":"udp_server","level":"info","message":"data sent to"}
{"timestamp":"2020-07-12 22:19:33.0070","service":"udp_server","level":"info","message":"data sent to"}
{"timestamp":"2020-07-12 22:19:33.0070","service":"udp_server","level":"info","message":"data sent to"}
{"timestamp":"2020-07-12 22:19:47.3170","service":"udp_server","level":"info","message":"data sent to"}
{"timestamp":"2020-07-12 22:19:47.3170","service":"udp_server","level":"info","message":"data sent to"}
{"timestamp":"2020-07-12 22:19:47.3170","service":"udp_server","level":"info","message":"data sent to"}
{"timestamp":"2020-07-12 22:19:47.3170","service":"udp_server","level":"info","message":"data sent to"}
{"timestamp":"2020-07-12 22:19:47.3170","service":"udp_server","level":"info","message":"data sent to"}
{"timestamp":"2020-07-12 22:19:47.3180","service":"udp_server","level":"info","message":"data sent to"}
{"timestamp":"2020-07-12 22:19:47.3180","service":"udp_server","level":"info","message":"data sent to"}
{"timestamp":"2020-07-12 22:19:47.3180","service":"udp_server","level":"info","message":"data sent to"}
{"timestamp":"2020-07-12 22:19:47.3180","service":"udp_server","level":"info","message":"data sent to"}
{"timestamp":"2020-07-12 22:19:47.3180","service":"udp_server","level":"info","message":"data sent to"}
{"timestamp":"2020-07-12 22:19:47.3190","service":"udp_server","level":"info","message":"data sent to"}
{"timestamp":"2020-07-12 22:19:47.3190","service":"udp_server","level":"info","message":"data sent to"}
{"timestamp":"2020-07-12 22:19:47.3190","service":"udp_server","level":"info","message":"data sent to"}
{"timestamp":"2020-07-12 22:19:47.3190","service":"udp_server","level":"info","message":"data sent to"}
{"timestamp":"2020-07-12 22:19:47.3190","service":"udp_server","level":"info","message":"data sent to"}
{"timestamp":"2020-07-12 22:19:47.3190","service":"udp_server","level":"info","message":"data sent to"}
{"timestamp":"2020-07-12 22:19:47.3190","service":"udp_server","level":"info","message":"data sent to"}
{"timestamp":"2020-07-12 22:19:47.3190","service":"udp_server","level":"info","message":"data sent to"}
{"timestamp":"2020-07-12 22:19:47.3200","service":"udp_server","level":"info","message":"data sent to"}
{"timestamp":"2020-07-12 22:19:47.3200","service":"udp_server","level":"info","message":"data sent to"}
{"timestamp":"2020-07-12 22:19:47.3200","service":"udp_server","level":"info","message":"data sent to"}
{"timestamp":"2020-07-12 22:19:47.3200","service":"udp_server","level":"info","message":"data sent to"}
{"timestamp":"2020-07-12 22:19:47.3200","service":"udp_server","level":"info","message":"data sent to"}
{"timestamp":"2020-07-12 22:19:47.3200","service":"udp_server","level":"info","message":"data sent to"}
{"timestamp":"2020-07-12 22:19:47.3210","service":"udp_server","level":"info","message":"data sent to"}
{"timestamp":"2020-07-12 22:19:47.3210","service":"udp_server","level":"info","message":"data sent to"}
{"timestamp":"2020-07-12 22:19:47.3210","service":"udp_server","level":"info","message":"data sent to"}
{"timestamp":"2020-07-12 22:19:47.3210","service":"udp_server","level":"info","message":"data sent to"}
{"timestamp":"2020-07-12 22:19:47.3210","service":"udp_server","level":"info","message":"data sent to"}
{"timestamp":"2020-07-12 22:19:47.3220","service":"udp_server","level":"info","message":"data sent to"}
{"timestamp":"2020-07-12 22:19:47.3220","service":"udp_server","level":"info","message":"data sent to"}
{"timestamp":"2020-07-12 22:19:47.3220","service":"udp_server","level":"info","message":"data sent to"}
{"timestamp":"2020-07-12 22:19:47.3220","service":"udp_server","level":"info","message":"data sent to"}
{"timestamp":"2020-07-12 22:19:47.3220","service":"udp_server","level":"info","message":"data sent to"}
{"timestamp":"2020-07-12 22:19:47.3220","service":"udp_server","level":"info","message":"data sent to"}
{"timestamp":"2020-07-12 22:19:47.3220","service":"udp_server","level":"info","message":"data sent to"}
{"timestamp":"2020-07-12 22:19:47.3220","service":"udp_server","level":"info","message":"data sent to"}
{"timestamp":"2020-07-12 22:19:47.3220","service":"udp_server","level":"info","message":"data sent to"}
{"timestamp":"2020-07-12 22:19:47.3220","service":"udp_server","level":"info","message":"data sent to"}
{"timestamp":"2020-07-12 22:19:47.3220","service":"udp_server","level":"info","message":"data sent to"}
{"timestamp":"2020-07-12 22:19:47.3230","service":"udp_server","level":"info","message":"data sent to"}
{"timestamp":"2020-07-12 22:19:47.3230","service":"udp_server","level":"info","message":"data sent to"}
{"timestamp":"2020-07-12 22:19:47.3230","service":"udp_server","level":"info","message":"data sent to"}
{"timestamp":"2020-07-12 22:19:47.3230","service":"udp_server","level":"info","message":"data sent to"}
{"timestamp":"2020-07-12 22:19:47.3230","service":"udp_server","level":"info","message":"data sent to"}
{"timestamp":"2020-07-12 22:19:47.3230","service":"udp_server","level":"info","message":"data sent to"}
{"timestamp":"2020-07-12 22:19:47.3230","service":"udp_server","level":"info","message":"data sent to"}
{"timestamp":"2020-07-12 22:19:47.3230","service":"udp_server","level":"info","message":"data sent to"}
{"timestamp":"2020-07-12 22:20:01.6380","service":"udp_server","level":"info","message":"data sent to"}
{"timestamp":"2020-07-12 22:20:01.6390","service":"udp_server","level":"info","message":"data sent to"}
{"timestamp":"2020-07-12 22:20:01.6390","service":"udp_server","level":"info","message":"data sent to"}
{"timestamp":"2020-07-12 22:20:01.6390","service":"udp_server","level":"info","message":"data sent to"}
{"timestamp":"2020-07-12 22:20:01.6390","service":"udp_server","level":"info","message":"data sent to"}
{"timestamp":"2020-07-12 22:20:01.6400","service":"udp_server","level":"info","message":"data sent to"}
{"timestamp":"2020-07-12 22:20:01.6400","service":"udp_server","level":"info","message":"data sent to"}
{"timestamp":"2020-07-12 22:20:01.6400","service":"udp_server","level":"info","message":"data sent to"}
{"timestamp":"2020-07-12 22:20:01.6400","service":"udp_server","level":"info","message":"data sent to"}
{"timestamp":"2020-07-12 22:20:01.6400","service":"udp_server","level":"info","message":"data sent to"}
{"timestamp":"2020-07-12 22:20:01.6400","service":"udp_server","level":"info","message":"data sent to"}
{"timestamp":"2020-07-12 22:20:01.6400","service":"udp_server","level":"info","message":"data sent to"}
{"timestamp":"2020-07-12 22:20:01.6410","service":"udp_server","level":"info","message":"data sent to"}
{"timestamp":"2020-07-12 22:20:01.6410","service":"udp_server","level":"info","message":"data sent to"}
{"timestamp":"2020-07-12 22:20:01.6410","service":"udp_server","level":"info","message":"data sent to"}
{"timestamp":"2020-07-12 22:20:01.6410","service":"udp_server","level":"info","message":"data sent to"}
{"timestamp":"2020-07-12 22:20:01.6410","service":"udp_server","level":"info","message":"data sent to"}
{"timestamp":"2020-07-12 22:20:01.6410","service":"udp_server","level":"info","message":"data sent to"}
{"timestamp":"2020-07-12 22:20:01.6410","service":"udp_server","level":"info","message":"data sent to"}
{"timestamp":"2020-07-12 22:20:01.6420","service":"udp_server","level":"info","message":"data sent to"}
{"timestamp":"2020-07-12 22:20:01.6420","service":"udp_server","level":"info","message":"data sent to"}
{"timestamp":"2020-07-12 22:20:01.6420","service":"udp_server","level":"info","message":"data sent to"}
{"timestamp":"2020-07-12 22:20:01.6420","service":"udp_server","level":"info","message":"data sent to"}
{"timestamp":"2020-07-12 22:20:01.6420","service":"udp_server","level":"info","message":"data sent to"}
{"timestamp":"2020-07-12 22:20:01.6420","service":"udp_server","level":"info","message":"data sent to"}
{"timestamp":"2020-07-12 22:20:01.6430","service":"udp_server","level":"info","message":"data sent to"}
{"timestamp":"2020-07-12 22:20:01.6430","service":"udp_server","level":"info","message":"data sent to"}
{"timestamp":"2020-07-12 22:20:01.6430","service":"udp_server","level":"info","message":"data sent to"}
{"timestamp":"2020-07-12 22:20:01.6430","service":"udp_server","level":"info","message":"data sent to"}
{"timestamp":"2020-07-12 22:20:01.6430","service":"udp_server","level":"info","message":"data sent to"}
{"timestamp":"2020-07-12 22:20:01.6440","service":"udp_server","level":"info","message":"data sent to"}
{"timestamp":"2020-07-12 22:20:01.6440","service":"udp_server","level":"info","message":"data sent to"}
{"timestamp":"2020-07-12 22:20:01.6440","service":"udp_server","level":"info","message":"data sent to"}
{"timestamp":"2020-07-12 22:20:01.6440","service":"udp_server","level":"info","message":"data sent to"}
{"timestamp":"2020-07-12 22:20:01.6440","service":"udp_server","level":"info","message":"data sent to"}
{"timestamp":"2020-07-12 22:20:01.6440","service":"udp_server","level":"info","message":"data sent to"}
{"timestamp":"2020-07-12 22:20:01.6440","service":"udp_server","level":"info","message":"data sent to"}
{"timestamp":"2020-07-12 22:20:01.6450","service":"udp_server","level":"info","message":"data sent to"}
{"timestamp":"2020-07-12 22:20:01.6450","service":"udp_server","level":"info","message":"data sent to"}
{"timestamp":"2020-07-12 22:20:01.6450","service":"udp_server","level":"info","message":"data sent to"}
{"timestamp":"2020-07-12 22:20:01.6450","service":"udp_server","level":"info","message":"data sent to"}
{"timestamp":"2020-07-12 22:20:01.6450","service":"udp_server","level":"info","message":"data sent to"}
{"timestamp":"2020-07-12 22:20:01.6450","service":"udp_server","level":"info","message":"data sent to"}
{"timestamp":"2020-07-12 22:20:01.6450","service":"udp_server","level":"info","message":"data sent to"}
{"timestamp":"2020-07-12 22:20:01.6450","service":"udp_server","level":"info","message":"data sent to"}
{"timestamp":"2020-07-12 22:20:01.6460","service":"udp_server","level":"info","message":"data sent to"}
{"timestamp":"2020-07-12 22:20:01.6460","service":"udp_server","level":"info","message":"data sent to"}
{"timestamp":"2020-07-12 22:20:01.6460","service":"udp_server","level":"info","message":"data sent to"}
{"timestamp":"2020-07-12 22:20:15.9580","service":"udp_server","level":"info","message":"data sent to"}
{"timestamp":"2020-07-12 22:20:15.9580","service":"udp_server","level":"info","message":"data sent to"}
{"timestamp":"2020-07-12 22:20:15.9580","service":"udp_server","level":"info","message":"data sent to"}
{"timestamp":"2020-07-12 22:20:15.9590","service":"udp_server","level":"info","message":"data sent to"}
{"timestamp":"2020-07-12 22:20:15.9590","service":"udp_server","level":"info","message":"data sent to"}
{"timestamp":"2020-07-12 22:20:15.9590","service":"udp_server","level":"info","message":"data sent to"}
{"timestamp":"2020-07-12 22:20:15.9590","service":"udp_server","level":"info","message":"data sent to"}
{"timestamp":"2020-07-12 22:20:15.9590","service":"udp_server","level":"info","message":"data sent to"}
{"timestamp":"2020-07-12 22:20:15.9600","service":"udp_server","level":"info","message":"data sent to"}
{"timestamp":"2020-07-12 22:20:15.9600","service":"udp_server","level":"info","message":"data sent to"}
{"timestamp":"2020-07-12 22:20:15.9600","service":"udp_server","level":"info","message":"data sent to"}
{"timestamp":"2020-07-12 22:20:15.9600","service":"udp_server","level":"info","message":"data sent to"}
{"timestamp":"2020-07-12 22:20:15.9610","service":"udp_server","level":"info","message":"data sent to"}
{"timestamp":"2020-07-12 22:20:15.9610","service":"udp_server","level":"info","message":"data sent to"}
{"timestamp":"2020-07-12 22:20:15.9610","service":"udp_server","level":"info","message":"data sent to"}
{"timestamp":"2020-07-12 22:20:15.9620","service":"udp_server","level":"info","message":"data sent to"}
{"timestamp":"2020-07-12 22:20:15.9620","service":"udp_server","level":"info","message":"data sent to"}
{"timestamp":"2020-07-12 22:20:15.9620","service":"udp_server","level":"info","message":"data sent to"}
{"timestamp":"2020-07-12 22:20:15.9620","service":"udp_server","level":"info","message":"data sent to"}
{"timestamp":"2020-07-12 22:20:15.9620","service":"udp_server","level":"info","message":"data sent to"}
{"timestamp":"2020-07-12 22:20:15.9630","service":"udp_server","level":"info","message":"data sent to"}
{"timestamp":"2020-07-12 22:20:15.9630","service":"udp_server","level":"info","message":"data sent to"}
{"timestamp":"2020-07-12 22:20:15.9630","service":"udp_server","level":"info","message":"data sent to"}
{"timestamp":"2020-07-12 22:20:15.9630","service":"udp_server","level":"info","message":"data sent to"}
{"timestamp":"2020-07-12 22:20:15.9630","service":"udp_server","level":"info","message":"data sent to"}
{"timestamp":"2020-07-12 22:20:15.9630","service":"udp_server","level":"info","message":"data sent to"}
{"timestamp":"2020-07-12 22:20:15.9640","service":"udp_server","level":"info","message":"data sent to"}
{"timestamp":"2020-07-12 22:20:15.9640","service":"udp_server","level":"info","message":"data sent to"}
{"timestamp":"2020-07-12 22:20:15.9640","service":"udp_server","level":"info","message":"data sent to"}
{"timestamp":"2020-07-12 22:20:15.9640","service":"udp_server","level":"info","message":"data sent to"}
{"timestamp":"2020-07-12 22:20:15.9640","service":"udp_server","level":"info","message":"data sent to"}
{"timestamp":"2020-07-12 22:20:15.9640","service":"udp_server","level":"info","message":"data sent to"}
{"timestamp":"2020-07-12 22:20:15.9640","service":"udp_server","level":"info","message":"data sent to"}
{"timestamp":"2020-07-12 22:20:15.9640","service":"udp_server","level":"info","message":"data sent to"}
{"timestamp":"2020-07-12 22:20:15.9640","service":"udp_server","level":"info","message":"data sent to"}
{"timestamp":"2020-07-12 22:20:15.9640","service":"udp_server","level":"info","message":"data sent to"}
{"timestamp":"2020-07-12 22:20:15.9650","service":"udp_server","level":"info","message":"data sent to"}
{"timestamp":"2020-07-12 22:20:15.9650","service":"udp_server","level":"info","message":"data sent to"}
{"timestamp":"2020-07-12 22:20:15.9650","service":"udp_server","level":"info","message":"data sent to"}
{"timestamp":"2020-07-12 22:20:15.9650","service":"udp_server","level":"info","message":"data sent to"}
{"timestamp":"2020-07-12 22:20:15.9650","service":"udp_server","level":"info","message":"data sent to"}
{"timestamp":"2020-07-12 22:20:15.9650","service":"udp_server","level":"info","message":"data sent to"}
{"timestamp":"2020-07-12 22:20:15.9650","service":"udp_server","level":"info","message":"data sent to"}
{"timestamp":"2020-07-12 22:20:15.9660","service":"udp_server","level":"info","message":"data sent to"}
{"timestamp":"2020-07-12 22:20:15.9660","service":"udp_server","level":"info","message":"data sent to"}
{"timestamp":"2020-07-12 22:20:15.9660","service":"udp_server","level":"info","message":"data sent to"}
{"timestamp":"2020-07-12 22:20:15.9660","service":"udp_server","level":"info","message":"data sent to"}
{"timestamp":"2020-07-12 22:20:15.9660","service":"udp_server","level":"info","message":"data sent to"}
{"timestamp":"2020-07-12 22:20:30.2760","service":"udp_server","level":"info","message":"data sent to"}
{"timestamp":"2020-07-12 22:20:30.2770","service":"udp_server","level":"info","message":"data sent to"}
{"timestamp":"2020-07-12 22:20:30.2770","service":"udp_server","level":"info","message":"data sent to"}
{"timestamp":"2020-07-12 22:20:30.2770","service":"udp_server","level":"info","message":"data sent to"}
{"timestamp":"2020-07-12 22:20:30.2770","service":"udp_server","level":"info","message":"data sent to"}
{"timestamp":"2020-07-12 22:20:30.2770","service":"udp_server","level":"info","message":"data sent to"}
{"timestamp":"2020-07-12 22:20:30.2770","service":"udp_server","level":"info","message":"data sent to"}
{"timestamp":"2020-07-12 22:20:30.2770","service":"udp_server","level":"info","message":"data sent to"}
{"timestamp":"2020-07-12 22:20:30.2770","service":"udp_server","level":"info","message":"data sent to"}
{"timestamp":"2020-07-12 22:20:30.2780","service":"udp_server","level":"info","message":"data sent to"}
{"timestamp":"2020-07-12 22:20:30.2780","service":"udp_server","level":"info","message":"data sent to"}
{"timestamp":"2020-07-12 22:20:30.2780","service":"udp_server","level":"info","message":"data sent to"}
{"timestamp":"2020-07-12 22:20:30.2780","service":"udp_server","level":"info","message":"data sent to"}
{"timestamp":"2020-07-12 22:20:30.2790","service":"udp_server","level":"info","message":"data sent to"}
{"timestamp":"2020-07-12 22:20:30.2790","service":"udp_server","level":"info","message":"data sent to"}
{"timestamp":"2020-07-12 22:20:30.2790","service":"udp_server","level":"info","message":"data sent to"}
{"timestamp":"2020-07-12 22:20:30.2800","service":"udp_server","level":"info","message":"data sent to"}
{"timestamp":"2020-07-12 22:20:30.2800","service":"udp_server","level":"info","message":"data sent to"}
{"timestamp":"2020-07-12 22:20:30.2800","service":"udp_server","level":"info","message":"data sent to"}
{"timestamp":"2020-07-12 22:20:30.2800","service":"udp_server","level":"info","message":"data sent to"}
{"timestamp":"2020-07-12 22:20:30.2800","service":"udp_server","level":"info","message":"data sent to"}
{"timestamp":"2020-07-12 22:20:30.2800","service":"udp_server","level":"info","message":"data sent to"}
{"timestamp":"2020-07-12 22:20:30.2800","service":"udp_server","level":"info","message":"data sent to"}
{"timestamp":"2020-07-12 22:20:30.2800","service":"udp_server","level":"info","message":"data sent to"}
{"timestamp":"2020-07-12 22:20:30.2810","service":"udp_server","level":"info","message":"data sent to"}
{"timestamp":"2020-07-12 22:20:30.2810","service":"udp_server","level":"info","message":"data sent to"}
{"timestamp":"2020-07-12 22:20:30.2810","service":"udp_server","level":"info","message":"data sent to"}
{"timestamp":"2020-07-12 22:20:30.2810","service":"udp_server","level":"info","message":"data sent to"}
{"timestamp":"2020-07-12 22:20:30.2810","service":"udp_server","level":"info","message":"data sent to"}
{"timestamp":"2020-07-12 22:20:30.2810","service":"udp_server","level":"info","message":"data sent to"}
{"timestamp":"2020-07-12 22:20:30.2810","service":"udp_server","level":"info","message":"data sent to"}
{"timestamp":"2020-07-12 22:20:30.2810","service":"udp_server","level":"info","message":"data sent to"}
{"timestamp":"2020-07-12 22:20:30.2810","service":"udp_server","level":"info","message":"data sent to"}
{"timestamp":"2020-07-12 22:20:30.2820","service":"udp_server","level":"info","message":"data sent to"}
{"timestamp":"2020-07-12 22:20:30.2820","service":"udp_server","level":"info","message":"data sent to"}
{"timestamp":"2020-07-12 22:20:30.2830","service":"udp_server","level":"info","message":"data sent to"}
{"timestamp":"2020-07-12 22:20:30.2830","service":"udp_server","level":"info","message":"data sent to"}
{"timestamp":"2020-07-12 22:20:30.2830","service":"udp_server","level":"info","message":"data sent to"}
{"timestamp":"2020-07-12 22:20:30.2830","service":"udp_server","level":"info","message":"data sent to"}
{"timestamp":"2020-07-12 22:20:30.2830","service":"udp_server","level":"info","message":"data sent to"}
{"timestamp":"2020-07-12 22:20:30.2830","service":"udp_server","level":"info","message":"data sent to"}
{"timestamp":"2020-07-12 22:20:30.2830","service":"udp_server","level":"info","message":"data sent to"}
{"timestamp":"2020-07-12 22:20:30.2830","service":"udp_server","level":"info","message":"data sent to"}
{"timestamp":"2020-07-12 22:20:30.2830","service":"udp_server","level":"info","message":"data sent to"}
{"timestamp":"2020-07-12 22:20:30.2840","service":"udp_server","level":"info","message":"data sent to"}
{"timestamp":"2020-07-12 22:20:30.2840","service":"udp_server","level":"info","message":"data sent to"}
{"timestamp":"2020-07-12 22:20:30.2840","service":"udp_server","level":"info","message":"data sent to"}
{"timestamp":"2020-07-12 22:20:30.2840","service":"udp_server","level":"info","message":"data sent to"}
{"timestamp":"2020-07-12 22:20:44.5980","service":"udp_server","level":"info","message":"data sent to"}
{"timestamp":"2020-07-12 22:20:44.5990","service":"udp_server","level":"info","message":"data sent to"}
{"timestamp":"2020-07-12 22:20:44.5990","service":"udp_server","level":"info","message":"data sent to"}
{"timestamp":"2020-07-12 22:20:44.5990","service":"udp_server","level":"info","message":"data sent to"}
{"timestamp":"2020-07-12 22:20:44.5990","service":"udp_server","level":"info","message":"data sent to"}
{"timestamp":"2020-07-12 22:20:44.5990","service":"udp_server","level":"info","message":"data sent to"}
{"timestamp":"2020-07-12 22:20:44.5990","service":"udp_server","level":"info","message":"data sent to"}
{"timestamp":"2020-07-12 22:20:44.5990","service":"udp_server","level":"info","message":"data sent to"}
{"timestamp":"2020-07-12 22:20:44.5990","service":"udp_server","level":"info","message":"data sent to"}
{"timestamp":"2020-07-12 22:20:44.6000","service":"udp_server","level":"info","message":"data sent to"}
{"timestamp":"2020-07-12 22:20:44.6000","service":"udp_server","level":"info","message":"data sent to"}
{"timestamp":"2020-07-12 22:20:44.6000","service":"udp_server","level":"info","message":"data sent to"}
{"timestamp":"2020-07-12 22:20:44.6000","service":"udp_server","level":"info","message":"data sent to"}
{"timestamp":"2020-07-12 22:20:44.6000","service":"udp_server","level":"info","message":"data sent to"}
{"timestamp":"2020-07-12 22:20:44.6000","service":"udp_server","level":"info","message":"data sent to"}
{"timestamp":"2020-07-12 22:20:44.6000","service":"udp_server","level":"info","message":"data sent to"}
{"timestamp":"2020-07-12 22:20:44.6000","service":"udp_server","level":"info","message":"data sent to"}
{"timestamp":"2020-07-12 22:20:44.6000","service":"udp_server","level":"info","message":"data sent to"}
{"timestamp":"2020-07-12 22:20:44.6000","service":"udp_server","level":"info","message":"data sent to"}
{"timestamp":"2020-07-12 22:20:44.6000","service":"udp_server","level":"info","message":"data sent to"}
{"timestamp":"2020-07-12 22:20:44.6010","service":"udp_server","level":"info","message":"data sent to"}
{"timestamp":"2020-07-12 22:20:44.6010","service":"udp_server","level":"info","message":"data sent to"}
{"timestamp":"2020-07-12 22:20:44.6010","service":"udp_server","level":"info","message":"data sent to"}
{"timestamp":"2020-07-12 22:20:44.6010","service":"udp_server","level":"info","message":"data sent to"}
{"timestamp":"2020-07-12 22:20:44.6010","service":"udp_server","level":"info","message":"data sent to"}
{"timestamp":"2020-07-12 22:20:44.6010","service":"udp_server","level":"info","message":"data sent to"}
{"timestamp":"2020-07-12 22:20:44.6020","service":"udp_server","level":"info","message":"data sent to"}
{"timestamp":"2020-07-12 22:20:44.6020","service":"udp_server","level":"info","message":"data sent to"}
{"timestamp":"2020-07-12 22:20:44.6020","service":"udp_server","level":"info","message":"data sent to"}
{"timestamp":"2020-07-12 22:20:44.6020","service":"udp_server","level":"info","message":"data sent to"}
{"timestamp":"2020-07-12 22:20:44.6020","service":"udp_server","level":"info","message":"data sent to"}
{"timestamp":"2020-07-12 22:20:44.6020","service":"udp_server","level":"info","message":"data sent to"}
{"timestamp":"2020-07-12 22:20:44.6020","service":"udp_server","level":"info","message":"data sent to"}
{"timestamp":"2020-07-12 22:20:44.6020","service":"udp_server","level":"info","message":"data sent to"}
{"timestamp":"2020-07-12 22:20:44.6020","service":"udp_server","level":"info","message":"data sent to"}
{"timestamp":"2020-07-12 22:20:44.6020","service":"udp_server","level":"info","message":"data sent to"}
{"timestamp":"2020-07-12 22:20:44.6030","service":"udp_server","level":"info","message":"data sent to"}
{"timestamp":"2020-07-12 22:20:44.6030","service":"udp_server","level":"info","message":"data sent to"}
{"timestamp":"2020-07-12 22:20:44.6030","service":"udp_server","level":"info","message":"data sent to"}
{"timestamp":"2020-07-12 22:20:44.6030","service":"udp_server","level":"info","message":"data sent to"}
{"timestamp":"2020-07-12 22:20:44.6030","service":"udp_server","level":"info","message":"data sent to"}
{"timestamp":"2020-07-12 22:20:44.6030","service":"udp_server","level":"info","message":"data sent to"}
{"timestamp":"2020-07-12 22:20:44.6030","service":"udp_server","level":"info","message":"data sent to"}
{"timestamp":"2020-07-12 22:20:44.6030","service":"udp_server","level":"info","message":"data sent to"}
{"timestamp":"2020-07-12 22:20:44.6030","service":"udp_server","level":"info","message":"data sent to"}
{"timestamp":"2020-07-12 22:20:44.6030","service":"udp_server","level":"info","message":"data sent to"}
{"timestamp":"2020-07-12 22:20:44.6030","service":"udp_server","level":"info","message":"data sent to"}
{"timestamp":"2020-07-12 22:20:44.6040","service":"udp_server","level":"info","message":"data sent to"}
{"timestamp":"2020-07-12 22:20:58.9180","service":"udp_server","level":"info","message":"data sent to"}
{"timestamp":"2020-07-12 22:20:58.9180","service":"udp_server","level":"info","message":"data sent to"}
{"timestamp":"2020-07-12 22:20:58.9190","service":"udp_server","level":"info","message":"data sent to"}
{"timestamp":"2020-07-12 22:20:58.9190","service":"udp_server","level":"info","message":"data sent to"}
{"timestamp":"2020-07-12 22:20:58.9190","service":"udp_server","level":"info","message":"data sent to"}
{"timestamp":"2020-07-12 22:20:58.9200","service":"udp_server","level":"info","message":"data sent to"}
{"timestamp":"2020-07-12 22:20:58.9200","service":"udp_server","level":"info","message":"data sent to"}
{"timestamp":"2020-07-12 22:20:58.9200","service":"udp_server","level":"info","message":"data sent to"}
{"timestamp":"2020-07-12 22:20:58.9200","service":"udp_server","level":"info","message":"data sent to"}
{"timestamp":"2020-07-12 22:20:58.9200","service":"udp_server","level":"info","message":"data sent to"}
{"timestamp":"2020-07-12 22:20:58.9210","service":"udp_server","level":"info","message":"data sent to"}
{"timestamp":"2020-07-12 22:20:58.9210","service":"udp_server","level":"info","message":"data sent to"}
{"timestamp":"2020-07-12 22:20:58.9210","service":"udp_server","level":"info","message":"data sent to"}
{"timestamp":"2020-07-12 22:20:58.9210","service":"udp_server","level":"info","message":"data sent to"}
{"timestamp":"2020-07-12 22:20:58.9220","service":"udp_server","level":"info","message":"data sent to"}
{"timestamp":"2020-07-12 22:20:58.9220","service":"udp_server","level":"info","message":"data sent to"}
{"timestamp":"2020-07-12 22:20:58.9220","service":"udp_server","level":"info","message":"data sent to"}
{"timestamp":"2020-07-12 22:20:58.9220","service":"udp_server","level":"info","message":"data sent to"}
{"timestamp":"2020-07-12 22:20:58.9220","service":"udp_server","level":"info","message":"data sent to"}
{"timestamp":"2020-07-12 22:20:58.9220","service":"udp_server","level":"info","message":"data sent to"}
{"timestamp":"2020-07-12 22:20:58.9220","service":"udp_server","level":"info","message":"data sent to"}
{"timestamp":"2020-07-12 22:20:58.9230","service":"udp_server","level":"info","message":"data sent to"}
{"timestamp":"2020-07-12 22:20:58.9230","service":"udp_server","level":"info","message":"data sent to"}
{"timestamp":"2020-07-12 22:20:58.9230","service":"udp_server","level":"info","message":"data sent to"}
{"timestamp":"2020-07-12 22:20:58.9230","service":"udp_server","level":"info","message":"data sent to"}
{"timestamp":"2020-07-12 22:20:58.9230","service":"udp_server","level":"info","message":"data sent to"}
{"timestamp":"2020-07-12 22:20:58.9230","service":"udp_server","level":"info","message":"data sent to"}
{"timestamp":"2020-07-12 22:20:58.9230","service":"udp_server","level":"info","message":"data sent to"}
{"timestamp":"2020-07-12 22:20:58.9230","service":"udp_server","level":"info","message":"data sent to"}
{"timestamp":"2020-07-12 22:20:58.9230","service":"udp_server","level":"info","message":"data sent to"}
{"timestamp":"2020-07-12 22:20:58.9230","service":"udp_server","level":"info","message":"data sent to"}
{"timestamp":"2020-07-12 22:20:58.9230","service":"udp_server","level":"info","message":"data sent to"}
{"timestamp":"2020-07-12 22:20:58.9230","service":"udp_server","level":"info","message":"data sent to"}
{"timestamp":"2020-07-12 22:20:58.9230","service":"udp_server","level":"info","message":"data sent to"}
{"timestamp":"2020-07-12 22:20:58.9240","service":"udp_server","level":"info","message":"data sent to"}
{"timestamp":"2020-07-12 22:20:58.9240","service":"udp_server","level":"info","message":"data sent to"}
{"timestamp":"2020-07-12 22:20:58.9240","service":"udp_server","level":"info","message":"data sent to"}
{"timestamp":"2020-07-12 22:20:58.9240","service":"udp_server","level":"info","message":"data sent to"}
{"timestamp":"2020-07-12 22:20:58.9250","service":"udp_server","level":"info","message":"data sent to"}
{"timestamp":"2020-07-12 22:20:58.9250","service":"udp_server","level":"info","message":"data sent to"}
{"timestamp":"2020-07-12 22:20:58.9250","service":"udp_server","level":"info","message":"data sent to"}
{"timestamp":"2020-07-12 22:20:58.9250","service":"udp_server","level":"info","message":"data sent to"}
{"timestamp":"2020-07-12 22:20:58.9260","service":"udp_server","level":"info","message":"data sent to"}
{"timestamp":"2020-07-12 22:20:58.9260","service":"udp_server","level":"info","message":"data sent to"}
{"timestamp":"2020-07-12 22:20:58.9260","service":"udp_server","level":"info","message":"data sent to"}
{"timestamp":"2020-07-12 22:20:58.9260","service":"udp_server","level":"info","message":"data sent to"}
{"timestamp":"2020-07-12 22:20:58.9260","service":"udp_server","level":"info","message":"data sent to"}
{"timestamp":"2020-07-12 22:20:58.9260","service":"udp_server","level":"info","message":"data sent to"}
{"timestamp":"2020-07-12 22:21:13.2360","service":"udp_server","level":"info","message":"data sent to"}
{"timestamp":"2020-07-12 22:21:13.2370","service":"udp_server","level":"info","message":"data sent to"}
{"timestamp":"2020-07-12 22:21:13.2370","service":"udp_server","level":"info","message":"data sent to"}
{"timestamp":"2020-07-12 22:21:13.2370","service":"udp_server","level":"info","message":"data sent to"}
{"timestamp":"2020-07-12 22:21:13.2370","service":"udp_server","level":"info","message":"data sent to"}
{"timestamp":"2020-07-12 22:21:13.2370","service":"udp_server","level":"info","message":"data sent to"}
{"timestamp":"2020-07-12 22:21:13.2370","service":"udp_server","level":"info","message":"data sent to"}
{"timestamp":"2020-07-12 22:21:13.2370","service":"udp_server","level":"info","message":"data sent to"}
{"timestamp":"2020-07-12 22:21:13.2370","service":"udp_server","level":"info","message":"data sent to"}
{"timestamp":"2020-07-12 22:21:13.2370","service":"udp_server","level":"info","message":"data sent to"}
{"timestamp":"2020-07-12 22:21:13.2380","service":"udp_server","level":"info","message":"data sent to"}
{"timestamp":"2020-07-12 22:21:13.2380","service":"udp_server","level":"info","message":"data sent to"}
{"timestamp":"2020-07-12 22:21:13.2380","service":"udp_server","level":"info","message":"data sent to"}
{"timestamp":"2020-07-12 22:21:13.2380","service":"udp_server","level":"info","message":"data sent to"}
{"timestamp":"2020-07-12 22:21:13.2380","service":"udp_server","level":"info","message":"data sent to"}
{"timestamp":"2020-07-12 22:21:13.2380","service":"udp_server","level":"info","message":"data sent to"}
{"timestamp":"2020-07-12 22:21:13.2380","service":"udp_server","level":"info","message":"data sent to"}
{"timestamp":"2020-07-12 22:21:13.2380","service":"udp_server","level":"info","message":"data sent to"}
{"timestamp":"2020-07-12 22:21:13.2380","service":"udp_server","level":"info","message":"data sent to"}
{"timestamp":"2020-07-12 22:21:13.2380","service":"udp_server","level":"info","message":"data sent to"}
{"timestamp":"2020-07-12 22:21:13.2380","service":"udp_server","level":"info","message":"data sent to"}
{"timestamp":"2020-07-12 22:21:13.2380","service":"udp_server","level":"info","message":"data sent to"}
{"timestamp":"2020-07-12 22:21:13.2380","service":"udp_server","level":"info","message":"data sent to"}
{"timestamp":"2020-07-12 22:21:13.2390","service":"udp_server","level":"info","message":"data sent to"}
{"timestamp":"2020-07-12 22:21:13.2390","service":"udp_server","level":"info","message":"data sent to"}
{"timestamp":"2020-07-12 22:21:13.2390","service":"udp_server","level":"info","message":"data sent to"}
{"timestamp":"2020-07-12 22:21:13.2390","service":"udp_server","level":"info","message":"data sent to"}
{"timestamp":"2020-07-12 22:21:13.2390","service":"udp_server","level":"info","message":"data sent to"}
{"timestamp":"2020-07-12 22:21:13.2390","service":"udp_server","level":"info","message":"data sent to"}
{"timestamp":"2020-07-12 22:21:13.2390","service":"udp_server","level":"info","message":"data sent to"}
{"timestamp":"2020-07-12 22:21:13.2390","service":"udp_server","level":"info","message":"data sent to"}
{"timestamp":"2020-07-12 22:21:13.2390","service":"udp_server","level":"info","message":"data sent to"}
{"timestamp":"2020-07-12 22:21:13.2390","service":"udp_server","level":"info","message":"data sent to"}
{"timestamp":"2020-07-12 22:21:13.2390","service":"udp_server","level":"info","message":"data sent to"}
{"timestamp":"2020-07-12 22:21:13.2390","service":"udp_server","level":"info","message":"data sent to"}
{"timestamp":"2020-07-12 22:21:13.2390","service":"udp_server","level":"info","message":"data sent to"}
{"timestamp":"2020-07-12 22:21:13.2400","service":"udp_server","level":"info","message":"data sent to"}
{"timestamp":"2020-07-12 22:21:13.2400","service":"udp_server","level":"info","message":"data sent to"}
{"timestamp":"2020-07-12 22:21:13.2400","service":"udp_server","level":"info","message":"data sent to"}
{"timestamp":"2020-07-12 22:21:13.2400","service":"udp_server","level":"info","message":"data sent to"}
{"timestamp":"2020-07-12 22:21:13.2400","service":"udp_server","level":"info","message":"data sent to"}
{"timestamp":"2020-07-12 22:21:13.2400","service":"udp_server","level":"info","message":"data sent to"}
{"timestamp":"2020-07-12 22:21:13.2400","service":"udp_server","level":"info","message":"data sent to"}
{"timestamp":"2020-07-12 22:21:13.2400","service":"udp_server","level":"info","message":"data sent to"}
{"timestamp":"2020-07-12 22:21:13.2410","service":"udp_server","level":"info","message":"data sent to"}
{"timestamp":"2020-07-12 22:21:13.2410","service":"udp_server","level":"info","message":"data sent to"}
{"timestamp":"2020-07-12 22:21:13.2410","service":"udp_server","level":"info","message":"data sent to"}
{"timestamp":"2020-07-12 22:21:13.2410","service":"udp_server","level":"info","message":"data sent to"}
{"timestamp":"2020-07-12 22:21:27.5570","service":"udp_server","level":"info","message":"data sent to"}
{"timestamp":"2020-07-12 22:21:27.5570","service":"udp_server","level":"info","message":"data sent to"}
{"timestamp":"2020-07-12 22:21:27.5570","service":"udp_server","level":"info","message":"data sent to"}
{"timestamp":"2020-07-12 22:21:27.5570","service":"udp_server","level":"info","message":"data sent to"}
{"timestamp":"2020-07-12 22:21:27.5570","service":"udp_server","level":"info","message":"data sent to"}
{"timestamp":"2020-07-12 22:21:27.5570","service":"udp_server","level":"info","message":"data sent to"}
{"timestamp":"2020-07-12 22:21:27.5580","service":"udp_server","level":"info","message":"data sent to"}
{"timestamp":"2020-07-12 22:21:27.5580","service":"udp_server","level":"info","message":"data sent to"}
{"timestamp":"2020-07-12 22:21:27.5580","service":"udp_server","level":"info","message":"data sent to"}
{"timestamp":"2020-07-12 22:21:27.5580","service":"udp_server","level":"info","message":"data sent to"}
{"timestamp":"2020-07-12 22:21:27.5580","service":"udp_server","level":"info","message":"data sent to"}
{"timestamp":"2020-07-12 22:21:27.5590","service":"udp_server","level":"info","message":"data sent to"}
{"timestamp":"2020-07-12 22:21:27.5590","service":"udp_server","level":"info","message":"data sent to"}
{"timestamp":"2020-07-12 22:21:27.5590","service":"udp_server","level":"info","message":"data sent to"}
{"timestamp":"2020-07-12 22:21:27.5590","service":"udp_server","level":"info","message":"data sent to"}
{"timestamp":"2020-07-12 22:21:27.5590","service":"udp_server","level":"info","message":"data sent to"}
{"timestamp":"2020-07-12 22:21:27.5600","service":"udp_server","level":"info","message":"data sent to"}
{"timestamp":"2020-07-12 22:21:27.5600","service":"udp_server","level":"info","message":"data sent to"}
{"timestamp":"2020-07-12 22:21:27.5600","service":"udp_server","level":"info","message":"data sent to"}
{"timestamp":"2020-07-12 22:21:27.5600","service":"udp_server","level":"info","message":"data sent to"}
{"timestamp":"2020-07-12 22:21:27.5600","service":"udp_server","level":"info","message":"data sent to"}
{"timestamp":"2020-07-12 22:21:27.5600","service":"udp_server","level":"info","message":"data sent to"}
{"timestamp":"2020-07-12 22:21:27.5600","service":"udp_server","level":"info","message":"data sent to"}
{"timestamp":"2020-07-12 22:21:27.5610","service":"udp_server","level":"info","message":"data sent to"}
{"timestamp":"2020-07-12 22:21:27.5610","service":"udp_server","level":"info","message":"data sent to"}
{"timestamp":"2020-07-12 22:21:27.5610","service":"udp_server","level":"info","message":"data sent to"}
{"timestamp":"2020-07-12 22:21:27.5610","service":"udp_server","level":"info","message":"data sent to"}
{"timestamp":"2020-07-12 22:21:27.5610","service":"udp_server","level":"info","message":"data sent to"}
{"timestamp":"2020-07-12 22:21:27.5620","service":"udp_server","level":"info","message":"data sent to"}
{"timestamp":"2020-07-12 22:21:27.5620","service":"udp_server","level":"info","message":"data sent to"}
{"timestamp":"2020-07-12 22:21:27.5620","service":"udp_server","level":"info","message":"data sent to"}
{"timestamp":"2020-07-12 22:21:27.5620","service":"udp_server","level":"info","message":"data sent to"}
{"timestamp":"2020-07-12 22:21:27.5620","service":"udp_server","level":"info","message":"data sent to"}
{"timestamp":"2020-07-12 22:21:27.5620","service":"udp_server","level":"info","message":"data sent to"}
{"timestamp":"2020-07-12 22:21:27.5630","service":"udp_server","level":"info","message":"data sent to"}
{"timestamp":"2020-07-12 22:21:27.5630","service":"udp_server","level":"info","message":"data sent to"}
{"timestamp":"2020-07-12 22:21:27.5630","service":"udp_server","level":"info","message":"data sent to"}
{"timestamp":"2020-07-12 22:21:27.5630","service":"udp_server","level":"info","message":"data sent to"}
{"timestamp":"2020-07-12 22:21:27.5630","service":"udp_server","level":"info","message":"data sent to"}
{"timestamp":"2020-07-12 22:21:27.5630","service":"udp_server","level":"info","message":"data sent to"}
{"timestamp":"2020-07-12 22:21:27.5630","service":"udp_server","level":"info","message":"data sent to"}
{"timestamp":"2020-07-12 22:21:27.5640","service":"udp_server","level":"info","message":"data sent to"}
{"timestamp":"2020-07-12 22:21:27.5640","service":"udp_server","level":"info","message":"data sent to"}
{"timestamp":"2020-07-12 22:21:27.5640","service":"udp_server","level":"info","message":"data sent to"}
{"timestamp":"2020-07-12 22:21:27.5640","service":"udp_server","level":"info","message":"data sent to"}
{"timestamp":"2020-07-12 22:21:27.5640","service":"udp_server","level":"info","message":"data sent to"}
{"timestamp":"2020-07-12 22:21:27.5640","service":"udp_server","level":"info","message":"data sent to"}
{"timestamp":"2020-07-12 22:21:27.5640","service":"udp_server","level":"info","message":"data sent to"}
